<?xml version="1.0" encoding="UTF-8"?>
<testng-results ignored="0" total="2" passed="2" failed="0" skipped="0">
  <reporter-output>
  </reporter-output>
  <suite started-at="2025-08-19T12:15:25 IST" name="Suite" finished-at="2025-08-19T12:15:40 IST" duration-ms="14822">
    <groups>
      <group name="Master">
        <method signature="TC001_AccountRegisteration.VerifyRegisteration()[pri:0, instance:testCases.TC001_AccountRegisteration@74589991]" name="VerifyRegisteration" class="testCases.TC001_AccountRegisteration"/>
        <method signature="TC002_LoginTest.Verify_login()[pri:0, instance:testCases.TC002_LoginTest@6af9fcb2]" name="Verify_login" class="testCases.TC002_LoginTest"/>
      </group> <!-- Master -->
      <group name="Sanity">
        <method signature="TC001_AccountRegisteration.VerifyRegisteration()[pri:0, instance:testCases.TC001_AccountRegisteration@74589991]" name="VerifyRegisteration" class="testCases.TC001_AccountRegisteration"/>
      </group> <!-- Sanity -->
      <group name="Regression">
        <method signature="TC002_LoginTest.Verify_login()[pri:0, instance:testCases.TC002_LoginTest@6af9fcb2]" name="Verify_login" class="testCases.TC002_LoginTest"/>
      </group> <!-- Regression -->
    </groups>
    <test started-at="2025-08-19T12:15:25 IST" name="Test" finished-at="2025-08-19T12:15:40 IST" duration-ms="14822">
      <class name="testCases.TC002_LoginTest">
        <test-method is-config="true" signature="setup(java.lang.String,java.lang.String)[pri:0, instance:testCases.TC002_LoginTest@6af9fcb2]" started-at="2025-08-19T12:15:36 IST" name="setup" finished-at="2025-08-19T12:15:38 IST" duration-ms="2373" status="PASS">
          <params>
            <param index="0">
              <value>
                <![CDATA[Windows]]>
              </value>
            </param>
            <param index="1">
              <value>
                <![CDATA[chrome]]>
              </value>
            </param>
          </params>
          <reporter-output>
          </reporter-output>
        </test-method> <!-- setup -->
        <test-method signature="Verify_login()[pri:0, instance:testCases.TC002_LoginTest@6af9fcb2]" started-at="2025-08-19T12:15:38 IST" name="Verify_login" finished-at="2025-08-19T12:15:39 IST" duration-ms="1323" status="PASS">
          <reporter-output>
          </reporter-output>
        </test-method> <!-- Verify_login -->
        <test-method is-config="true" signature="teardown()[pri:0, instance:testCases.TC002_LoginTest@6af9fcb2]" started-at="2025-08-19T12:15:39 IST" name="teardown" finished-at="2025-08-19T12:15:40 IST" duration-ms="237" status="PASS">
          <reporter-output>
          </reporter-output>
        </test-method> <!-- teardown -->
      </class> <!-- testCases.TC002_LoginTest -->
      <class name="testCases.TC001_AccountRegisteration">
        <test-method is-config="true" signature="setup(java.lang.String,java.lang.String)[pri:0, instance:testCases.TC001_AccountRegisteration@74589991]" started-at="2025-08-19T12:15:25 IST" name="setup" finished-at="2025-08-19T12:15:29 IST" duration-ms="3635" status="PASS">
          <params>
            <param index="0">
              <value>
                <![CDATA[Windows]]>
              </value>
            </param>
            <param index="1">
              <value>
                <![CDATA[chrome]]>
              </value>
            </param>
          </params>
          <reporter-output>
          </reporter-output>
        </test-method> <!-- setup -->
        <test-method signature="VerifyRegisteration()[pri:0, instance:testCases.TC001_AccountRegisteration@74589991]" started-at="2025-08-19T12:15:29 IST" name="VerifyRegisteration" finished-at="2025-08-19T12:15:35 IST" duration-ms="6538" status="PASS">
          <reporter-output>
          </reporter-output>
        </test-method> <!-- VerifyRegisteration -->
        <test-method is-config="true" signature="teardown()[pri:0, instance:testCases.TC001_AccountRegisteration@74589991]" started-at="2025-08-19T12:15:35 IST" name="teardown" finished-at="2025-08-19T12:15:36 IST" duration-ms="274" status="PASS">
          <reporter-output>
          </reporter-output>
        </test-method> <!-- teardown -->
      </class> <!-- testCases.TC001_AccountRegisteration -->
    </test> <!-- Test -->
  </suite> <!-- Suite -->
</testng-results>
