<?xml version="1.0" encoding="UTF-8"?>
<testsuite xmlns:xsi="http://www.w3.org/2001/XMLSchema-instance" xsi:noNamespaceSchemaLocation="https://maven.apache.org/surefire/maven-surefire-plugin/xsd/surefire-test-report.xsd" version="3.0.2" name="TestSuite" time="18.782" tests="2" errors="0" skipped="0" failures="0">
  <properties>
[...]
</properties>
  <testcase name="VerifyRegisteration" classname="testCases.TC001_AccountRegisteration" time="6.565">
    <system-err><![CDATA[2025-08-19T06:45:24.742657200Z main INFO Starting configuration XmlConfiguration[location=C:\Users\srubi\eclipse-workspace\OpenCartProject\target\test-classes\log4j2.xml, lastModified=2025-08-19T06:21:14.569Z]...
2025-08-19T06:45:24.751955100Z main INFO Configuration XmlConfiguration[location=C:\Users\srubi\eclipse-workspace\OpenCartProject\target\test-classes\log4j2.xml, lastModified=2025-08-19T06:21:14.569Z] started.
2025-08-19T06:45:24.751955100Z main INFO Stopping configuration org.apache.logging.log4j.core.config.DefaultConfiguration@1534f01b...
2025-08-19T06:45:24.751955100Z main INFO Configuration org.apache.logging.log4j.core.config.DefaultConfiguration@1534f01b stopped.
Aug 19, 2025 12:15:27 PM org.openqa.selenium.devtools.CdpVersionFinder findNearestMatch
WARNING: Unable to find an exact match for CDP version 139, returning the closest version; found: 138; Please update to a Selenium version that supports CDP version 139
]]></system-err>
  </testcase>
  <testcase name="Verify_login" classname="testCases.TC002_LoginTest" time="1.322">
    <system-err><![CDATA[Aug 19, 2025 12:15:37 PM org.openqa.selenium.devtools.CdpVersionFinder findNearestMatch
WARNING: Unable to find an exact match for CDP version 139, returning the closest version; found: 138; Please update to a Selenium version that supports CDP version 139
]]></system-err>
  </testcase>
</testsuite>